<?xml version="1.0" encoding="UTF-8"?>
<testsuite name="br.com.mytech.services.impl.ItemServiceImplTest" tests="5" skipped="0" failures="0" errors="0" timestamp="2021-08-10T16:16:37" hostname="BR0C02FJ3UEMD6M" time="0.014">
  <properties/>
  <testcase name="should return  a item" classname="br.com.mytech.services.impl.ItemServiceImplTest" time="0.008"/>
  <testcase name="should empty list error to try return a item" classname="br.com.mytech.services.impl.ItemServiceImplTest" time="0.002"/>
  <testcase name="should return a item list" classname="br.com.mytech.services.impl.ItemServiceImplTest" time="0.002"/>
  <testcase name="should erro to try return a null item list" classname="br.com.mytech.services.impl.ItemServiceImplTest" time="0.002"/>
  <testcase name="shuld create a ItemService" classname="br.com.mytech.services.impl.ItemServiceImplTest" time="0.0"/>
  <system-out><![CDATA[]]></system-out>
  <system-err><![CDATA[]]></system-err>
</testsuite>
