<?xml version="1.0" encoding="UTF-8"?>
<testsuite name="br.com.mytech.integration.PreferenceServiceImplTest" tests="3" skipped="0" failures="0" errors="0" timestamp="2021-08-08T04:22:40" hostname="BR0C02FJ3UEMD6M" time="0.784">
  <properties/>
  <testcase name="should return error to get item list" classname="br.com.mytech.integration.PreferenceServiceImplTest" time="0.758"/>
  <testcase name="should return preference DTO" classname="br.com.mytech.integration.PreferenceServiceImplTest" time="0.023"/>
  <testcase name="shuld create a PreferenceService by defaul constructor" classname="br.com.mytech.integration.PreferenceServiceImplTest" time="0.003"/>
  <system-out><![CDATA[]]></system-out>
  <system-err><![CDATA[]]></system-err>
</testsuite>
