<?xml version="1.0" encoding="UTF-8"?>
<testsuite name="br.com.mytech.services.impl.PreferenceServiceImplTest" tests="3" skipped="0" failures="0" errors="0" timestamp="2021-08-10T16:16:36" hostname="BR0C02FJ3UEMD6M" time="1.112">
  <properties/>
  <testcase name="should return error to get item list" classname="br.com.mytech.services.impl.PreferenceServiceImplTest" time="0.668"/>
  <testcase name="should return preference DTO" classname="br.com.mytech.services.impl.PreferenceServiceImplTest" time="0.442"/>
  <testcase name="shuld create a PreferenceService by defaul constructor" classname="br.com.mytech.services.impl.PreferenceServiceImplTest" time="0.002"/>
  <system-out><![CDATA[]]></system-out>
  <system-err><![CDATA[]]></system-err>
</testsuite>
